[debug] [2021-07-24T20:40:49.144Z] ----------------------------------------------------------------------
[debug] [2021-07-24T20:40:49.148Z] Command:       C:\Program Files\nodejs\node.exe C:\Users\IDE\AppData\Roaming\npm\node_modules\firebase-tools\lib\bin\firebase.js init
[debug] [2021-07-24T20:40:49.149Z] CLI Version:   9.14.0
[debug] [2021-07-24T20:40:49.149Z] Platform:      win32
[debug] [2021-07-24T20:40:49.149Z] Node Version:  v14.17.3
[debug] [2021-07-24T20:40:49.151Z] Time:          Sat Jul 24 2021 17:40:49 GMT-0300 (hora estándar de Argentina)
[debug] [2021-07-24T20:40:49.151Z] ----------------------------------------------------------------------
[debug] 
[debug] [2021-07-24T20:40:49.160Z] > command requires scopes: ["email","openid","https://www.googleapis.com/auth/cloudplatformprojects.readonly","https://www.googleapis.com/auth/firebase","https://www.googleapis.com/auth/cloud-platform"]
[debug] [2021-07-24T20:40:49.161Z] > authorizing via signed-in user (juanpedrobastiastorresi@gmail.com)
[info] 
     ######## #### ########  ######## ########     ###     ######  ########
     ##        ##  ##     ## ##       ##     ##  ##   ##  ##       ##
     ######    ##  ########  ######   ########  #########  ######  ######
     ##        ##  ##    ##  ##       ##     ## ##     ##       ## ##
     ##       #### ##     ## ######## ########  ##     ##  ######  ########

You're about to initialize a Firebase project in this directory:

  D:\PROTFOLIO-JPB

[info] 
=== Project Setup
[info] 
[info] First, let's associate this project directory with a Firebase project.
[info] You can create multiple project aliases by running firebase use --add, 
[info] but for now we'll just set up a default project.
[info] 
[debug] [2021-07-24T20:41:32.421Z] > refreshing access token with scopes: []
[debug] [2021-07-24T20:41:32.422Z] >>> HTTP REQUEST POST https://www.googleapis.com/oauth2/v3/token  
 <request body omitted>
[debug] [2021-07-24T20:41:32.655Z] <<< HTTP RESPONSE 200 {"cache-control":"no-cache, no-store, max-age=0, must-revalidate","pragma":"no-cache","expires":"Mon, 01 Jan 1990 00:00:00 GMT","date":"Sat, 24 Jul 2021 20:41:31 GMT","content-type":"application/json; charset=utf-8","vary":"X-Origin, Referer, Origin,Accept-Encoding","server":"scaffolding on HTTPServer2","x-xss-protection":"0","x-frame-options":"SAMEORIGIN","x-content-type-options":"nosniff","alt-svc":"h3=\":443\"; ma=2592000,h3-29=\":443\"; ma=2592000,h3-T051=\":443\"; ma=2592000,h3-Q050=\":443\"; ma=2592000,h3-Q046=\":443\"; ma=2592000,h3-Q043=\":443\"; ma=2592000,quic=\":443\"; ma=2592000; v=\"46,43\"","accept-ranges":"none","transfer-encoding":"chunked"}
[debug] [2021-07-24T20:41:32.822Z] >>> [apiv2][query] GET https://firebase.googleapis.com/v1beta1/projects pageSize=100
[debug] [2021-07-24T20:41:34.007Z] <<< [apiv2][status] GET https://firebase.googleapis.com/v1beta1/projects 200
[debug] [2021-07-24T20:41:34.008Z] <<< [apiv2][body] GET https://firebase.googleapis.com/v1beta1/projects [omitted]
[info] i  Using project portfolio-cf432 (PORTFOLIO) 
[info] 
=== Hosting Setup
[info] 
[info] Your public directory is the folder (relative to your project directory) that
[info] will contain Hosting assets to be uploaded with firebase deploy. If you
[info] have a build process for your assets, use your build's output directory.
[info] 
[debug] [2021-07-24T20:41:52.384Z] >>> [apiv2][query] GET https://www.gstatic.com/firebasejs/releases.json [none]
[debug] [2021-07-24T20:41:52.522Z] <<< [apiv2][status] GET https://www.gstatic.com/firebasejs/releases.json 200
[debug] [2021-07-24T20:41:52.523Z] <<< [apiv2][body] GET https://www.gstatic.com/firebasejs/releases.json {"current":{"version":"8.8.0","browserURL":"https://www.gstatic.com/firebasejs/8.8.0/firebase.js","packageURL":"https://www.gstatic.com/firebasejs/8.8.0/firebase.tgz"},"live":{"version":"8.8","browserURL":"https://www.gstatic.com/firebasejs/live/8.8/firebase.js","packageURL":"https://www.gstatic.com/firebasejs/live/8.8/firebase.tgz"},"components":{"analytics":"https://www.gstatic.com/firebasejs/8.8.0/firebase-analytics.js","app":"https://www.gstatic.com/firebasejs/8.8.0/firebase-app.js","app-check":"https://www.gstatic.com/firebasejs/8.8.0/firebase-app-check.js","auth":"https://www.gstatic.com/firebasejs/8.8.0/firebase-auth.js","database":"https://www.gstatic.com/firebasejs/8.8.0/firebase-database.js","firestore":"https://www.gstatic.com/firebasejs/8.8.0/firebase-firestore.js","functions":"https://www.gstatic.com/firebasejs/8.8.0/firebase-functions.js","installations":"https://www.gstatic.com/firebasejs/8.8.0/firebase-installations.js","messaging":"https://www.gstatic.com/firebasejs/8.8.0/firebase-messaging.js","storage":"https://www.gstatic.com/firebasejs/8.8.0/firebase-storage.js","performance":"https://www.gstatic.com/firebasejs/8.8.0/firebase-performance.js","remote-config":"https://www.gstatic.com/firebasejs/8.8.0/firebase-remote-config.js","firestore.memory":"https://www.gstatic.com/firebasejs/8.8.0/firebase-firestore.memory.js"}}
[info] +  Wrote public/index.html 
[info] 
[info] i  Didn't detect a .git folder. Assuming D:\PROTFOLIO-JPB is the project root. 
[info] i  Authorizing with GitHub to upload your service account to a GitHub repository's secrets store. 
[info] 
[info] Visit this URL on this device to log in:
[info] https://github.com/login/oauth/authorize?client_id=89cf50f02ac6aaed3484&state=125049617&redirect_uri=http%3A%2F%2Flocalhost%3A9005&scope=read%3Auser%20repo%20public_repo
[info] 
[info] Waiting for authentication...
[debug] [2021-07-24T20:42:18.076Z] >>> HTTP REQUEST POST https://github.com/login/oauth/access_token  
 {"client_id":"89cf50f02ac6aaed3484","client_secret":"3330d14abc895d9a74d5f17cd7a00711fa2c5bf0","code":"fac215495b9b700d7f38","redirect_uri":"http://localhost:9005","state":"125049617"}
[debug] [2021-07-24T20:42:18.711Z] <<< HTTP RESPONSE 200 {"server":"GitHub.com","date":"Sat, 24 Jul 2021 20:42:17 GMT","content-type":"application/json; charset=utf-8","transfer-encoding":"chunked","vary":"X-PJAX, Accept-Encoding, Accept, X-Requested-With","permissions-policy":"interest-cohort=()","etag":"W/\"7fd95c25e23ac98739b105067848e56a\"","cache-control":"max-age=0, private, must-revalidate","strict-transport-security":"max-age=31536000; includeSubdomains; preload","x-frame-options":"deny","x-content-type-options":"nosniff","x-xss-protection":"0","referrer-policy":"origin-when-cross-origin, strict-origin-when-cross-origin","expect-ct":"max-age=2592000, report-uri=\"https://api.github.com/_private/browser/errors\"","content-security-policy":"default-src 'none'; base-uri 'self'; block-all-mixed-content; connect-src 'self' uploads.github.com www.githubstatus.com collector.githubapp.com api.github.com github-cloud.s3.amazonaws.com github-production-repository-file-5c1aeb.s3.amazonaws.com github-production-upload-manifest-file-7fdce7.s3.amazonaws.com github-production-user-asset-6210df.s3.amazonaws.com cdn.optimizely.com logx.optimizely.com/v1/events translator.github.com wss://alive.github.com; font-src github.githubassets.com; form-action 'self' github.com gist.github.com; frame-ancestors 'none'; frame-src render.githubusercontent.com render-temp.githubusercontent.com viewscreen.githubusercontent.com; img-src 'self' data: github.githubassets.com identicons.github.com collector.githubapp.com github-cloud.s3.amazonaws.com secured-user-images.githubusercontent.com/ *.githubusercontent.com; manifest-src 'self'; media-src 'none'; script-src github.githubassets.com; style-src 'unsafe-inline' github.githubassets.com; worker-src github.com/socket-worker-3f088aa2.js gist.github.com/socket-worker-3f088aa2.js","x-github-request-id":"EC19:0792:486E92C:9A288C1:60FC7B29"}
[debug] [2021-07-24T20:42:18.763Z] >>> [apiv2][query] GET https://api.github.com/user [none]
[debug] [2021-07-24T20:42:19.472Z] <<< [apiv2][status] GET https://api.github.com/user 200
[debug] [2021-07-24T20:42:19.472Z] <<< [apiv2][body] GET https://api.github.com/user {"login":"juampibastias","id":87458914,"node_id":"MDQ6VXNlcjg3NDU4OTE0","avatar_url":"https://avatars.githubusercontent.com/u/87458914?v=4","gravatar_id":"","url":"https://api.github.com/users/juampibastias","html_url":"https://github.com/juampibastias","followers_url":"https://api.github.com/users/juampibastias/followers","following_url":"https://api.github.com/users/juampibastias/following{/other_user}","gists_url":"https://api.github.com/users/juampibastias/gists{/gist_id}","starred_url":"https://api.github.com/users/juampibastias/starred{/owner}{/repo}","subscriptions_url":"https://api.github.com/users/juampibastias/subscriptions","organizations_url":"https://api.github.com/users/juampibastias/orgs","repos_url":"https://api.github.com/users/juampibastias/repos","events_url":"https://api.github.com/users/juampibastias/events{/privacy}","received_events_url":"https://api.github.com/users/juampibastias/received_events","type":"User","site_admin":false,"name":"Juan Pedro","company":null,"blog":"linkedin.com/in/juan-pedro-bastias-torresi-541b72216","location":null,"email":null,"hireable":null,"bio":"Estudiando Developer Full Stack para un futuro mejor","twitter_username":null,"public_repos":4,"public_gists":0,"followers":0,"following":0,"created_at":"2021-07-15T03:15:39Z","updated_at":"2021-07-24T20:42:16Z","private_gists":0,"total_private_repos":0,"owned_private_repos":0,"disk_usage":57055,"collaborators":0,"two_factor_authentication":false,"plan":{"name":"free","space":976562499,"collaborators":0,"private_repos":10000}}
[info] 
[info] +  Success! Logged into GitHub as juampibastias 
[info] 
[debug] [2021-07-24T20:42:35.230Z] >>> [apiv2][query] GET https://api.github.com/repos//actions/secrets/public-key type=owner
[debug] [2021-07-24T20:42:35.611Z] <<< [apiv2][status] GET https://api.github.com/repos//actions/secrets/public-key 404
[debug] [2021-07-24T20:42:35.611Z] <<< [apiv2][body] GET https://api.github.com/repos//actions/secrets/public-key {"message":"Not Found","documentation_url":"https://docs.github.com/rest"}
[debug] [2021-07-24T20:42:38.173Z] >>> [apiv2][query] GET https://api.github.com/repos//actions/secrets/public-key type=owner
[debug] [2021-07-24T20:42:38.743Z] <<< [apiv2][status] GET https://api.github.com/repos//actions/secrets/public-key 404
[debug] [2021-07-24T20:42:38.744Z] <<< [apiv2][body] GET https://api.github.com/repos//actions/secrets/public-key {"message":"Not Found","documentation_url":"https://docs.github.com/rest"}
[debug] [2021-07-24T20:42:41.758Z] >>> [apiv2][query] GET https://api.github.com/repos/y/actions/secrets/public-key type=owner
[debug] [2021-07-24T20:42:42.330Z] <<< [apiv2][status] GET https://api.github.com/repos/y/actions/secrets/public-key 404
[debug] [2021-07-24T20:42:42.330Z] <<< [apiv2][body] GET https://api.github.com/repos/y/actions/secrets/public-key {"message":"Not Found","documentation_url":"https://docs.github.com/rest"}
[debug] [2021-07-24T20:42:49.134Z] >>> [apiv2][query] GET https://api.github.com/repos//actions/secrets/public-key type=owner
[debug] [2021-07-24T20:42:49.475Z] <<< [apiv2][status] GET https://api.github.com/repos//actions/secrets/public-key 404
[debug] [2021-07-24T20:42:49.476Z] <<< [apiv2][body] GET https://api.github.com/repos//actions/secrets/public-key {"message":"Not Found","documentation_url":"https://docs.github.com/rest"}
[debug] [2021-07-24T20:43:14.223Z] >>> [apiv2][query] GET https://api.github.com/repos/miportfolio/actions/secrets/public-key type=owner
[debug] [2021-07-24T20:43:14.917Z] <<< [apiv2][status] GET https://api.github.com/repos/miportfolio/actions/secrets/public-key 404
[debug] [2021-07-24T20:43:14.918Z] <<< [apiv2][body] GET https://api.github.com/repos/miportfolio/actions/secrets/public-key {"message":"Not Found","documentation_url":"https://docs.github.com/rest"}
